<?xml version="1.0" encoding="UTF-8"?>
<!-- Generated by org.testng.reporters.JUnitReportReporter -->
<testsuite hostname="DESKTOP-3GGAOQB" failures="0" tests="1" name="newwww.Newww1" time="6.583" errors="0" timestamp="2024-03-18T11:58:35 PDT" skipped="0">
  <testcase classname="newwww.Newww1" name="mainn" time="6.583"/>
</testsuite> <!-- newwww.Newww1 -->
